make all --print-data-base --no-builtin-variables --no-builtin-rules --question
# GNU Make 3.81
# Copyright (C) 2006  Free Software Foundation, Inc.
# This is free software; see the source for copying conditions.
# There is NO warranty; not even for MERCHANTABILITY or FITNESS FOR A
# PARTICULAR PURPOSE.

# This program built for i386-apple-darwin11.3.0
 

# Make data base, printed on Sun Apr 10 23:09:45 2022

# Variables

# automatic
<D = $(patsubst %/,%,$(dir $<))
# automatic
?F = $(notdir $?)
# makefile (from `Makefile', line 18)
OBJ = $(SRC:$(SRCDIR)/%$(EXT)=$(OBJDIR)/%.o)
# makefile (from `Makefile', line 17)
SRC = $(wildcard $(SRCDIR)/*$(EXT))
# environment
VSCODE_LOG_NATIVE = false
# automatic
?D = $(patsubst %/,%,$(dir $?))
# automatic
@D = $(patsubst %/,%,$(dir $@))
# makefile (from `Makefile', line 25)
EXE = .exe
# automatic
@F = $(notdir $@)
# makefile
CURDIR := /Users/kendallcarter/Documents/VisualStudioCode /C++Projects/it279_a06_Kendall
# makefile
SHELL = /bin/sh
# makefile (from `Makefile', line 21)
RM = rm
# environment
VSCODE_NLS_CONFIG = {"locale":"en-us","availableLanguages":{},"_languagePackSupport":true}
# environment
_ = /usr/bin/make
# makefile (from `a4_app.d', line 1)
MAKEFILE_LIST :=  Makefile BinarySearchTree.d SeparateChain.d Student.d a4_app.d
# makefile (from `Makefile', line 7)
CXXFLAGS = -std=c++11 -Wall
# environment
VSCODE_VERBOSE_LOGGING = true
# environment
__CFBundleIdentifier = com.microsoft.VSCode
# makefile (from `Makefile', line 24)
DEL = del
# environment
VSCODE_IPC_HOOK_EXTHOST = /var/folders/j6/cmxl75253w58l8vdvc5x5ymw0000gn/T/vscode-ipc-31504530-372f-4302-9ce1-6bd65eb8efc3.sock
# environment
VSCODE_CWD = /
# environment
PATH = /usr/local/bin:/usr/bin:/bin:/usr/sbin:/sbin:/Library/Apple/usr/bin
# makefile (from `Makefile', line 19)
DEP = $(OBJ:$(OBJDIR)/%.o=%.d)
# environment
VSCODE_LOG_STACK = false
# environment
ELECTRON_RUN_AS_NODE = 1
# makefile (from `Makefile', line 8)
LDFLAGS = 
# default
.FEATURES := target-specific order-only second-expansion else-if archives jobserver check-symlink
# environment
SSH_AUTH_SOCK = /private/tmp/com.apple.launchd.X6CHmnSbCG/Listeners
# makefile (from `Makefile', line 13)
SRCDIR = src/include
# automatic
%F = $(notdir $%)
# environment
VSCODE_PIPE_LOGGING = true
# environment
PWD = /Users/kendallcarter/Documents/VisualStudioCode /C++Projects/it279_a06_Kendall
# environment
ORIGINAL_XDG_CURRENT_DESKTOP = undefined
# environment
VSCODE_AMD_ENTRYPOINT = vs/workbench/api/node/extensionHostProcess
# environment
HOME = /Users/kendallcarter
# default
MAKEFILEPATH := /Applications/Xcode.app/Contents/Developer/Makefiles
# environment
VSCODE_CODE_CACHE_PATH = /Users/kendallcarter/Library/Application Support/Code/CachedData/8dfae7a5cd50421d10cd99cb873990460525a898
# environment
LOGNAME = kendallcarter
# environment
APPLICATION_INSIGHTS_NO_DIAGNOSTIC_CHANNEL = 1
# makefile (from `Makefile', line 22)
DELOBJ = $(OBJ)
# environment
VSCODE_HANDLES_UNCAUGHT_ERRORS = true
# automatic
^D = $(patsubst %/,%,$(dir $^))
# environment
XPC_FLAGS = 0x0
# default
MAKE = $(MAKE_COMMAND)
# default
MAKECMDGOALS := all
# environment
SHLVL = 1
# makefile (from `Makefile', line 6)
CC = g++
# default
MAKE_VERSION := 3.81
# environment
USER = kendallcarter
# makefile
.DEFAULT_GOAL := all
# automatic
%D = $(patsubst %/,%,$(dir $%))
# default
MAKE_COMMAND := /Applications/Xcode.app/Contents/Developer/usr/bin/make
# default
.VARIABLES := 
# environment
TMPDIR = /var/folders/j6/cmxl75253w58l8vdvc5x5ymw0000gn/T/
# automatic
*F = $(notdir $*)
# environment
VSCODE_IPC_HOOK = /Users/kendallcarter/Library/Application Support/Code/1.66.1-main.sock
# makefile (from `Makefile', line 12)
EXT = .cpp
# makefile
MAKEFLAGS = Rrqp
# environment
MFLAGS = -Rrqp
# automatic
*D = $(patsubst %/,%,$(dir $*))
# environment
XPC_SERVICE_NAME = application.com.microsoft.VSCode.11718552.11718558
# automatic
+D = $(patsubst %/,%,$(dir $+))
# automatic
+F = $(notdir $+)
# makefile (from `Makefile', line 11)
APPNAME = a4_app
# environment
__CF_USER_TEXT_ENCODING = 0x1F5:0x0:0x0
# environment
COMMAND_MODE = unix2003
# default
MAKEFILES := 
# automatic
<F = $(notdir $<)
# makefile (from `Makefile', line 14)
OBJDIR = obj
# environment
LC_ALL = C
# makefile (from `Makefile', line 26)
WDELOBJ = $(SRC:$(SRCDIR)/%$(EXT)=$(OBJDIR)\\%.o)
# automatic
^F = $(notdir $^)
# default
SUFFIXES := 
# default
.INCLUDE_DIRS = /usr/local/include
# environment
MAKELEVEL := 0
# environment
LANG = C
# environment
VSCODE_PID = 29303
# variable set hash-table stats:
# Load=77/1024=8%, Rehash=0, Collisions=4/136=3%

# Pattern-specific Variable Values

# No pattern-specific variable values.

# Directories

# . (device 16777231, inode 11934898): 23 files, no impossibilities.
# src/include (device 16777231, inode 11935548): 11 files, no impossibilities.

# 34 files, no impossibilities in 2 directories.

# Implicit Rules

%.d: src/include/%.cpp
#  commands to execute (from `Makefile', line 40):
	@$(CPP) $(CFLAGS) $< -MM -MT $(@:%.d=$(OBJDIR)/%.o) >$@
	

obj/%.o: src/include/%.cpp
#  commands to execute (from `Makefile', line 47):
	$(CC) $(CXXFLAGS) -o $@ -c $<
	

# 2 implicit rules, 0 (0.0%) terminal.

# Files

a4_app: obj/BinarySearchTree.o obj/SeparateChain.o obj/Student.o obj/a4_app.o
#  Implicit rule search has not been done.
#  Last modified 2022-04-10 17:53:53
#  File has been updated.
#  Needs to be updated (-q is set).
# variable set hash-table stats:
# Load=0/32=0%, Rehash=0, Collisions=0/4=0%
#  commands to execute (from `Makefile', line 36):
	$(CC) $(CXXFLAGS) -o $@ $^ $(LDFLAGS)
	

all: a4_app
#  Command-line target.
#  Implicit rule search has been done.
#  File does not exist.
#  File has been updated.
#  Needs to be updated (-q is set).
# variable set hash-table stats:
# Load=0/32=0%, Rehash=0, Collisions=0/4=0%

.PHONY: clean cleandep cleanw cleandepw
#  Implicit rule search has not been done.
#  Modification time never checked.
#  File has not been updated.

# Not a target:
.SUFFIXES:
#  Implicit rule search has not been done.
#  Modification time never checked.
#  File has not been updated.

# Not a target:
Makefile:
#  Implicit rule search has been done.
#  Last modified 2022-04-03 23:39:29
#  File has been updated.
#  Successfully updated.
# variable set hash-table stats:
# Load=0/32=0%, Rehash=0, Collisions=0/0=0%

Student.d: src/include/Student.cpp
#  A default, MAKEFILES, or -include/sinclude makefile.
#  Implicit rule search has been done.
#  Implicit/static pattern stem: `Student'
#  Last modified 2022-04-10 23:09:44
#  File has been updated.
#  Successfully updated.
# variable set hash-table stats:
# Load=0/32=0%, Rehash=0, Collisions=0/0=0%
#  commands to execute (from `Makefile', line 40):
	@$(CPP) $(CFLAGS) $< -MM -MT $(@:%.d=$(OBJDIR)/%.o) >$@
	

cleanw:
#  Phony target (prerequisite of .PHONY).
#  Implicit rule search has not been done.
#  File does not exist.
#  File has not been updated.
#  commands to execute (from `Makefile', line 64):
	$(DEL) $(WDELOBJ) $(DEP) $(APPNAME)$(EXE)
	

obj/Student.o: src/include/Student.cpp src/include/Student.cpp src/include/Student.h
#  Implicit rule search has been done.
#  Implicit/static pattern stem: `Student'
#  Last modified 2022-04-09 16:25:56
#  File has been updated.
#  Successfully updated.
# variable set hash-table stats:
# Load=0/32=0%, Rehash=0, Collisions=0/0=0%
#  commands to execute (from `Makefile', line 47):
	$(CC) $(CXXFLAGS) -o $@ -c $<
	

obj/a4_app.o: src/include/a4_app.cpp src/include/BinarySearchTree.cpp src/include/BinarySearchTree.h src/include/dsexceptions.h src/include/Student.h src/include/SeparateChain.cpp src/include/SeparateChain.h src/include/Student.cpp
#  Implicit rule search has been done.
#  Implicit/static pattern stem: `a4_app'
#  Last modified 2022-04-10 17:53:53
#  File has been updated.
#  Needs to be updated (-q is set).
# automatic
# @ := obj/a4_app.o
# automatic
# % := 
# automatic
# * := a4_app
# automatic
# + := src/include/a4_app.cpp src/include/a4_app.cpp src/include/BinarySearchTree.cpp src/include/BinarySearchTree.h src/include/dsexceptions.h src/include/Student.h src/include/SeparateChain.cpp src/include/SeparateChain.h src/include/Student.cpp
# automatic
# | := 
# automatic
# < := src/include/a4_app.cpp
# automatic
# ^ := src/include/a4_app.cpp src/include/BinarySearchTree.cpp src/include/BinarySearchTree.h src/include/dsexceptions.h src/include/Student.h src/include/SeparateChain.cpp src/include/SeparateChain.h src/include/Student.cpp
# automatic
# ? := src/include/a4_app.cpp
 
# variable set hash-table stats:
# Load=8/32=25%, Rehash=0, Collisions=1/14=7%
#  commands to execute (from `Makefile', line 47):
	$(CC) $(CXXFLAGS) -o $@ -c $<
	

# Not a target:
src/include/Student.h:
#  Implicit rule search has been done.
#  Last modified 2021-10-23 18:54:18
#  File has been updated.
#  Successfully updated.
# variable set hash-table stats:
# Load=0/32=0%, Rehash=0, Collisions=0/0=0%

# Not a target:
.DEFAULT:
#  Implicit rule search has not been done.
#  Modification time never checked.
#  File has not been updated.

cleandep:
#  Phony target (prerequisite of .PHONY).
#  Implicit rule search has not been done.
#  File does not exist.
#  File has not been updated.
#  commands to execute (from `Makefile', line 58):
	$(RM) $(DEP)
	

cleandepw:
#  Phony target (prerequisite of .PHONY).
#  Implicit rule search has not been done.
#  File does not exist.
#  File has not been updated.
#  commands to execute (from `Makefile', line 69):
	$(DEL) $(DEP)
	

# Not a target:
src/include/Student.cpp:
#  Implicit rule search has been done.
#  Last modified 2022-04-09 16:21:45
#  File has been updated.
#  Successfully updated.
# variable set hash-table stats:
# Load=0/32=0%, Rehash=0, Collisions=0/0=0%

clean:
#  Phony target (prerequisite of .PHONY).
#  Implicit rule search has not been done.
#  File does not exist.
#  File has not been updated.
#  commands to execute (from `Makefile', line 53):
	$(RM) $(DELOBJ) $(DEP) $(APPNAME)
	

# Not a target:
src/include/a4_app.cpp:
#  Implicit rule search has been done.
#  Last modified 2022-04-10 18:12:06
#  File has been updated.
#  Successfully updated.
# variable set hash-table stats:
# Load=0/32=0%, Rehash=0, Collisions=0/0=0%

SeparateChain.d: src/include/SeparateChain.cpp
#  A default, MAKEFILES, or -include/sinclude makefile.
#  Implicit rule search has been done.
#  Implicit/static pattern stem: `SeparateChain'
#  Last modified 2022-04-10 23:09:44
#  File has been updated.
#  Successfully updated.
# variable set hash-table stats:
# Load=0/32=0%, Rehash=0, Collisions=0/0=0%
#  commands to execute (from `Makefile', line 40):
	@$(CPP) $(CFLAGS) $< -MM -MT $(@:%.d=$(OBJDIR)/%.o) >$@
	

a4_app.d: src/include/a4_app.cpp
#  A default, MAKEFILES, or -include/sinclude makefile.
#  Implicit rule search has been done.
#  Implicit/static pattern stem: `a4_app'
#  Last modified 2022-04-10 23:09:44
#  File has been updated.
#  Successfully updated.
# variable set hash-table stats:
# Load=0/32=0%, Rehash=0, Collisions=0/0=0%
#  commands to execute (from `Makefile', line 40):
	@$(CPP) $(CFLAGS) $< -MM -MT $(@:%.d=$(OBJDIR)/%.o) >$@
	

# Not a target:
src/include/dsexceptions.h:
#  Implicit rule search has been done.
#  Last modified 2005-07-13 22:18:24
#  File has been updated.
#  Successfully updated.
# variable set hash-table stats:
# Load=0/32=0%, Rehash=0, Collisions=0/0=0%

obj/BinarySearchTree.o: src/include/BinarySearchTree.cpp src/include/BinarySearchTree.cpp src/include/BinarySearchTree.h src/include/dsexceptions.h src/include/Student.h
#  Implicit rule search has been done.
#  Implicit/static pattern stem: `BinarySearchTree'
#  Last modified 2022-04-10 17:53:52
#  File has been updated.
#  Successfully updated.
# variable set hash-table stats:
# Load=0/32=0%, Rehash=0, Collisions=0/0=0%
#  commands to execute (from `Makefile', line 47):
	$(CC) $(CXXFLAGS) -o $@ -c $<
	

obj/SeparateChain.o: src/include/SeparateChain.cpp src/include/SeparateChain.cpp src/include/SeparateChain.h src/include/BinarySearchTree.h src/include/dsexceptions.h src/include/Student.h
#  Implicit rule search has been done.
#  Implicit/static pattern stem: `SeparateChain'
#  Last modified 2022-04-10 17:53:53
#  File has been updated.
#  Successfully updated.
# variable set hash-table stats:
# Load=0/32=0%, Rehash=0, Collisions=0/0=0%
#  commands to execute (from `Makefile', line 47):
	$(CC) $(CXXFLAGS) -o $@ -c $<
	

# Not a target:
src/include/BinarySearchTree.h:
#  Implicit rule search has been done.
#  Last modified 2021-10-24 10:48:28
#  File has been updated.
#  Successfully updated.
# variable set hash-table stats:
# Load=0/32=0%, Rehash=0, Collisions=0/0=0%

BinarySearchTree.d: src/include/BinarySearchTree.cpp
#  A default, MAKEFILES, or -include/sinclude makefile.
#  Implicit rule search has been done.
#  Implicit/static pattern stem: `BinarySearchTree'
#  Last modified 2022-04-10 23:09:45
#  File has been updated.
#  Successfully updated.
# variable set hash-table stats:
# Load=0/32=0%, Rehash=0, Collisions=0/0=0%
#  commands to execute (from `Makefile', line 40):
	@$(CPP) $(CFLAGS) $< -MM -MT $(@:%.d=$(OBJDIR)/%.o) >$@
	

# Not a target:
src/include/SeparateChain.h:
#  Implicit rule search has been done.
#  Last modified 2021-10-23 19:11:50
#  File has been updated.
#  Successfully updated.
# variable set hash-table stats:
# Load=0/32=0%, Rehash=0, Collisions=0/0=0%

# Not a target:
src/include/BinarySearchTree.cpp:
#  Implicit rule search has been done.
#  Last modified 2022-04-10 17:52:52
#  File has been updated.
#  Successfully updated.
# variable set hash-table stats:
# Load=0/32=0%, Rehash=0, Collisions=0/0=0%

# Not a target:
src/include/SeparateChain.cpp:
#  Implicit rule search has been done.
#  Last modified 2022-04-10 17:50:54
#  File has been updated.
#  Successfully updated.
# variable set hash-table stats:
# Load=0/32=0%, Rehash=0, Collisions=0/0=0%

# files hash-table stats:
# Load=26/1024=3%, Rehash=0, Collisions=0/94=0%
# VPATH Search Paths

# No `vpath' search paths.

# No general (`VPATH' variable) search path.

# # of strings in strcache: 5
# # of strcache buffers: 1
# strcache size: total = 4096 / max = 4096 / min = 4096 / avg = 4096
# strcache free: total = 4033 / max = 4033 / min = 4033 / avg = 4033

# Finished Make data base on Sun Apr 10 23:09:45 2022

 
