make all --print-data-base --no-builtin-variables --no-builtin-rules --question
# GNU Make 3.81
# Copyright (C) 2006  Free Software Foundation, Inc.
# This is free software; see the source for copying conditions.
# There is NO warranty; not even for MERCHANTABILITY or FITNESS FOR A
# PARTICULAR PURPOSE.

# This program built for i386-apple-darwin11.3.0
 

# Make data base, printed on Thu Aug 25 17:12:04 2022

# Variables

# automatic
<D = $(patsubst %/,%,$(dir $<))
# automatic
?F = $(notdir $?)
 
# makefile (from `Makefile', line 18)
OBJ = $(SRC:$(SRCDIR)/%$(EXT)=$(OBJDIR)/%.o)
# makefile (from `Makefile', line 17)
SRC = $(wildcard $(SRCDIR)/*$(EXT))
# automatic
?D = $(patsubst %/,%,$(dir $?))
# automatic
@D = $(patsubst %/,%,$(dir $@))
# makefile (from `Makefile', line 25)
EXE = .exe
# automatic
@F = $(notdir $@)
# makefile
CURDIR := /Users/kendallcarter/Documents/VisualStudioCode /C++Projects/it279_a08_code
# makefile
SHELL = /bin/sh
# makefile (from `Makefile', line 21)
RM = rm
# environment
VSCODE_NLS_CONFIG = {"locale":"en-us","availableLanguages":{},"_languagePackSupport":true}
# environment
_ = /usr/bin/make
# makefile (from `a8_q1_app.d', line 1)
MAKEFILE_LIST :=  Makefile DisjSet.d DoubleHash.d Student.d a8_q1_app.d
# makefile (from `Makefile', line 7)
CXXFLAGS = -std=c++11 -Wall
# environment
__CFBundleIdentifier = com.microsoft.VSCode
# makefile (from `Makefile', line 24)
DEL = del
# environment
VSCODE_CWD = /
# environment
PATH = /usr/local/bin:/usr/bin:/bin:/usr/sbin:/sbin:/Library/Apple/usr/bin
# makefile (from `Makefile', line 19)
DEP = $(OBJ:$(OBJDIR)/%.o=%.d)
# environment
ELECTRON_RUN_AS_NODE = 1
# makefile (from `Makefile', line 8)
LDFLAGS = 
# default
.FEATURES := target-specific order-only second-expansion else-if archives jobserver check-symlink
# environment
SSH_AUTH_SOCK = /private/tmp/com.apple.launchd.3JTKc0HESh/Listeners
# makefile (from `Makefile', line 13)
SRCDIR = src/include
# automatic
%F = $(notdir $%)
# environment
PWD = /Users/kendallcarter/Documents/VisualStudioCode /C++Projects/it279_a08_code
# environment
ORIGINAL_XDG_CURRENT_DESKTOP = undefined
# environment
VSCODE_AMD_ENTRYPOINT = vs/workbench/api/node/extensionHostProcess
# environment
HOME = /Users/kendallcarter
# default
MAKEFILEPATH := /Applications/Xcode.app/Contents/Developer/Makefiles
# environment
VSCODE_CODE_CACHE_PATH = /Users/kendallcarter/Library/Application Support/Code/CachedData/3b889b090b5ad5793f524b5d1d39fda662b96a2a
# environment
LOGNAME = kendallcarter
# environment
APPLICATION_INSIGHTS_NO_DIAGNOSTIC_CHANNEL = 1
# makefile (from `Makefile', line 22)
DELOBJ = $(OBJ)
# environment
VSCODE_HANDLES_UNCAUGHT_ERRORS = true
# automatic
^D = $(patsubst %/,%,$(dir $^))
# environment
XPC_FLAGS = 0x0
# default
MAKE = $(MAKE_COMMAND)
# default
MAKECMDGOALS := all
# environment
SHLVL = 1
# makefile (from `Makefile', line 6)
CC = g++
# default
MAKE_VERSION := 3.81
# environment
USER = kendallcarter
# makefile
.DEFAULT_GOAL := all
# automatic
%D = $(patsubst %/,%,$(dir $%))
# default
MAKE_COMMAND := /Applications/Xcode.app/Contents/Developer/usr/bin/make
# default
.VARIABLES := 
# environment
TMPDIR = /var/folders/j6/cmxl75253w58l8vdvc5x5ymw0000gn/T/
# automatic
*F = $(notdir $*)
# environment
VSCODE_IPC_HOOK = /Users/kendallcarter/Library/Application Support/Code/1.69.2-main.sock
# environment
MallocNanoZone = 0
# makefile (from `Makefile', line 12)
EXT = .cpp
# makefile
MAKEFLAGS = Rrqp
# environment
MFLAGS = -Rrqp
# automatic
*D = $(patsubst %/,%,$(dir $*))
# environment
XPC_SERVICE_NAME = application.com.microsoft.VSCode.17504068.17504074
# automatic
+D = $(patsubst %/,%,$(dir $+))
# automatic
+F = $(notdir $+)
# makefile (from `Makefile', line 11)
APPNAME = a8_q1_app
# environment
__CF_USER_TEXT_ENCODING = 0x1F5:0x0:0x0
# environment
COMMAND_MODE = unix2003
# default
MAKEFILES := 
# automatic
<F = $(notdir $<)
# makefile (from `Makefile', line 14)
OBJDIR = obj
# environment
LC_ALL = C
# makefile (from `Makefile', line 26)
WDELOBJ = $(SRC:$(SRCDIR)/%$(EXT)=$(OBJDIR)\\%.o)
# automatic
^F = $(notdir $^)
# default
SUFFIXES := 
# default
.INCLUDE_DIRS = /usr/local/include
# environment
MAKELEVEL := 0
# environment
LANG = C
# environment
VSCODE_PID = 39025
# variable set hash-table stats:
 
# Load=73/1024=7%, Rehash=0, Collisions=4/132=3%

# Pattern-specific Variable Values

# No pattern-specific variable values.

# Directories

# . (device 16777232, inode 13223135): 12 files, no impossibilities.
# src/include (device 16777232, inode 13394744): 10 files, no impossibilities.

# 22 files, no impossibilities in 2 directories.

# Implicit Rules

%.d: src/include/%.cpp
#  commands to execute (from `Makefile', line 40):
	@$(CPP) $(CFLAGS) $< -MM -MT $(@:%.d=$(OBJDIR)/%.o) >$@
	

obj/%.o: src/include/%.cpp
#  commands to execute (from `Makefile', line 47):
	$(CC) $(CXXFLAGS) -o $@ -c $<
	

# 2 implicit rules, 0 (0.0%) terminal.

# Files

DoubleHash.d: src/include/DoubleHash.cpp
#  A default, MAKEFILES, or -include/sinclude makefile.
#  Implicit rule search has been done.
#  Implicit/static pattern stem: `DoubleHash'
#  Last modified 2022-08-25 17:12:03
#  File has been updated.
#  Successfully updated.
# variable set hash-table stats:
# Load=0/32=0%, Rehash=0, Collisions=0/0=0%
#  commands to execute (from `Makefile', line 40):
	@$(CPP) $(CFLAGS) $< -MM -MT $(@:%.d=$(OBJDIR)/%.o) >$@
	

obj/DisjSet.o: src/include/DisjSet.cpp src/include/DisjSet.h
#  Implicit rule search has been done.
#  Implicit/static pattern stem: `DisjSet'
#  File does not exist.
#  File has been updated.
#  Needs to be updated (-q is set).
# automatic
# @ := obj/DisjSet.o
# automatic
# % := 
# automatic
# * := DisjSet
# automatic
# + := src/include/DisjSet.cpp src/include/DisjSet.cpp src/include/DisjSet.h
# automatic
# | := 
# automatic
# < := src/include/DisjSet.cpp
# automatic
# ^ := src/include/DisjSet.cpp src/include/DisjSet.h
# automatic
# ? := src/include/DisjSet.cpp src/include/DisjSet.h
# variable set hash-table stats:
# Load=8/32=25%, Rehash=0, Collisions=1/14=7%
#  commands to execute (from `Makefile', line 47):
	$(CC) $(CXXFLAGS) -o $@ -c $<
	

all: a8_q1_app
#  Command-line target.
#  Implicit rule search has been done.
#  File does not exist.
#  File has been updated.
#  Needs to be updated (-q is set).
# variable set hash-table stats:
# Load=0/32=0%, Rehash=0, Collisions=0/4=0%

.PHONY: clean cleandep cleanw cleandepw
#  Implicit rule search has not been done.
#  Modification time never checked.
#  File has not been updated.

a8_q1_app: obj/DisjSet.o obj/DoubleHash.o obj/Student.o obj/a8_q1_app.o
#  Implicit rule search has not been done.
#  File does not exist.
#  File has been updated.
#  Needs to be updated (-q is set).
# variable set hash-table stats:
# Load=0/32=0%, Rehash=0, Collisions=0/4=0%
#  commands to execute (from `Makefile', line 36):
	$(CC) $(CXXFLAGS) -o $@ $^ $(LDFLAGS)
	

# Not a target:
src/include/DisjSet.h:
#  Implicit rule search has been done.
#  Last modified 2021-11-14 14:14:50
#  File has been updated.
#  Successfully updated.
# variable set hash-table stats:
# Load=0/32=0%, Rehash=0, Collisions=0/0=0%

# Not a target:
src/include/DisjSet.cpp:
#  Implicit rule search has been done.
#  Last modified 2022-05-01 23:34:22
#  File has been updated.
#  Successfully updated.
# variable set hash-table stats:
# Load=0/32=0%, Rehash=0, Collisions=0/0=0%

# Not a target:
.SUFFIXES:
#  Implicit rule search has not been done.
#  Modification time never checked.
#  File has not been updated.

# Not a target:
Makefile:
#  Implicit rule search has been done.
#  Last modified 2022-04-29 17:58:47
#  File has been updated.
#  Successfully updated.
# variable set hash-table stats:
# Load=0/32=0%, Rehash=0, Collisions=0/0=0%

Student.d: src/include/Student.cpp
#  A default, MAKEFILES, or -include/sinclude makefile.
#  Implicit rule search has been done.
#  Implicit/static pattern stem: `Student'
#  Last modified 2022-08-25 17:12:03
#  File has been updated.
#  Successfully updated.
# variable set hash-table stats:
# Load=0/32=0%, Rehash=0, Collisions=0/0=0%
#  commands to execute (from `Makefile', line 40):
	@$(CPP) $(CFLAGS) $< -MM -MT $(@:%.d=$(OBJDIR)/%.o) >$@
	

cleanw:
#  Phony target (prerequisite of .PHONY).
#  Implicit rule search has not been done.
#  File does not exist.
#  File has not been updated.
#  commands to execute (from `Makefile', line 64):
	$(DEL) $(WDELOBJ) $(DEP) $(APPNAME)$(EXE)
	

obj/DoubleHash.o: src/include/DoubleHash.cpp src/include/DoubleHash.h src/include/Student.h
#  Implicit rule search has not been done.
#  Modification time never checked.
#  File has not been updated.

obj/Student.o: src/include/Student.cpp src/include/Student.h
#  Implicit rule search has not been done.
#  Modification time never checked.
#  File has not been updated.

# Not a target:
src/include/DoubleHash.h:
#  Implicit rule search has not been done.
#  Modification time never checked.
#  File has not been updated.

# Not a target:
src/include/Student.h:
#  Implicit rule search has not been done.
#  Modification time never checked.
#  File has not been updated.

# Not a target:
.DEFAULT:
#  Implicit rule search has not been done.
#  Modification time never checked.
#  File has not been updated.

cleandep:
#  Phony target (prerequisite of .PHONY).
#  Implicit rule search has not been done.
#  File does not exist.
#  File has not been updated.
#  commands to execute (from `Makefile', line 58):
	$(RM) $(DEP)
	

cleandepw:
#  Phony target (prerequisite of .PHONY).
#  Implicit rule search has not been done.
#  File does not exist.
#  File has not been updated.
#  commands to execute (from `Makefile', line 69):
	$(DEL) $(DEP)
	

# Not a target:
src/include/DoubleHash.cpp:
#  Implicit rule search has been done.
#  Last modified 2022-05-01 23:46:45
#  File has been updated.
#  Successfully updated.
# variable set hash-table stats:
# Load=0/32=0%, Rehash=0, Collisions=0/0=0%

DisjSet.d: src/include/DisjSet.cpp
#  A default, MAKEFILES, or -include/sinclude makefile.
#  Implicit rule search has been done.
#  Implicit/static pattern stem: `DisjSet'
#  Last modified 2022-08-25 17:12:04
#  File has been updated.
#  Successfully updated.
# variable set hash-table stats:
# Load=0/32=0%, Rehash=0, Collisions=0/0=0%
#  commands to execute (from `Makefile', line 40):
	@$(CPP) $(CFLAGS) $< -MM -MT $(@:%.d=$(OBJDIR)/%.o) >$@
	

# Not a target:
src/include/Student.cpp:
#  Implicit rule search has been done.
#  Last modified 2022-05-01 18:03:44
#  File has been updated.
#  Successfully updated.
# variable set hash-table stats:
# Load=0/32=0%, Rehash=0, Collisions=0/0=0%

clean:
#  Phony target (prerequisite of .PHONY).
#  Implicit rule search has not been done.
#  File does not exist.
#  File has not been updated.
#  commands to execute (from `Makefile', line 53):
	$(RM) $(DELOBJ) $(DEP) $(APPNAME)
	

# Not a target:
obj/a8_q1_app.o:
#  Implicit rule search has not been done.
#  Modification time never checked.
#  File has not been updated.

# Not a target:
src/include/a8_q1_app.cpp:
#  Implicit rule search has been done.
#  Last modified 2022-04-29 19:35:23
#  File has been updated.
#  Successfully updated.
# variable set hash-table stats:
# Load=0/32=0%, Rehash=0, Collisions=0/0=0%

a8_q1_app.d: src/include/a8_q1_app.cpp
#  A default, MAKEFILES, or -include/sinclude makefile.
#  Implicit rule search has been done.
#  Implicit/static pattern stem: `a8_q1_app'
#  Last modified 2022-08-25 17:11:59
#  File has been updated.
#  Successfully updated.
# variable set hash-table stats:
# Load=0/32=0%, Rehash=0, Collisions=0/0=0%
#  commands to execute (from `Makefile', line 40):
	@$(CPP) $(CFLAGS) $< -MM -MT $(@:%.d=$(OBJDIR)/%.o) >$@
	

# files hash-table stats:
# Load=25/1024=2%, Rehash=0, Collisions=2/75=3%
# VPATH Search Paths

# No `vpath' search paths.

# No general (`VPATH' variable) search path.
 

# # of strings in strcache: 5
# # of strcache buffers: 1
# strcache size: total = 4096 / max = 4096 / min = 4096 / avg = 4096
# strcache free: total = 4042 / max = 4042 / min = 4042 / avg = 4042

# Finished Make data base on Thu Aug 25 17:12:04 2022

 
